C:\USERS\ALVIN\DOCUMENTS\VISUAL STUDIO 2010\PROJECTS\EMERGENCE\DEBUG\EMERGENCEHANDLERS.DLL
C:\Users\Alvin\documents\visual studio 2010\Projects\Emergence\Debug\EmergenceHandlers.exp
C:\USERS\ALVIN\DOCUMENTS\VISUAL STUDIO 2010\PROJECTS\EMERGENCE\DEBUG\EMERGENCEHANDLERS.ILK
C:\Users\Alvin\documents\visual studio 2010\Projects\Emergence\Debug\EmergenceHandlers.lib
C:\USERS\ALVIN\DOCUMENTS\VISUAL STUDIO 2010\PROJECTS\EMERGENCE\DEBUG\EMERGENCEHANDLERS.PDB
C:\Users\Alvin\documents\visual studio 2010\Projects\Emergence\EmergenceHandlers\Debug\cl.command.1.tlog
C:\Users\Alvin\documents\visual studio 2010\Projects\Emergence\EmergenceHandlers\Debug\CL.read.1.tlog
C:\Users\Alvin\documents\visual studio 2010\Projects\Emergence\EmergenceHandlers\Debug\CL.write.1.tlog
C:\USERS\ALVIN\DOCUMENTS\VISUAL STUDIO 2010\PROJECTS\EMERGENCE\EMERGENCEHANDLERS\DEBUG\CNTRITEM.OBJ
C:\USERS\ALVIN\DOCUMENTS\VISUAL STUDIO 2010\PROJECTS\EMERGENCE\EMERGENCEHANDLERS\DEBUG\DLLMAIN.OBJ
C:\USERS\ALVIN\DOCUMENTS\VISUAL STUDIO 2010\PROJECTS\EMERGENCE\EMERGENCEHANDLERS\DEBUG\EMERGENCEDOC.OBJ
C:\USERS\ALVIN\DOCUMENTS\VISUAL STUDIO 2010\PROJECTS\EMERGENCE\EMERGENCEHANDLERS\DEBUG\EMERGENCEHANDLERS.DLL.EMBED.MANIFEST
C:\USERS\ALVIN\DOCUMENTS\VISUAL STUDIO 2010\PROJECTS\EMERGENCE\EMERGENCEHANDLERS\DEBUG\EMERGENCEHANDLERS.DLL.EMBED.MANIFEST.RES
C:\USERS\ALVIN\DOCUMENTS\VISUAL STUDIO 2010\PROJECTS\EMERGENCE\EMERGENCEHANDLERS\DEBUG\EMERGENCEHANDLERS.DLL.INTERMEDIATE.MANIFEST
C:\USERS\ALVIN\DOCUMENTS\VISUAL STUDIO 2010\PROJECTS\EMERGENCE\EMERGENCEHANDLERS\DEBUG\EMERGENCEHANDLERS.OBJ
C:\USERS\ALVIN\DOCUMENTS\VISUAL STUDIO 2010\PROJECTS\EMERGENCE\EMERGENCEHANDLERS\DEBUG\EMERGENCEHANDLERS.PCH
C:\USERS\ALVIN\DOCUMENTS\VISUAL STUDIO 2010\PROJECTS\EMERGENCE\EMERGENCEHANDLERS\DEBUG\EMERGENCEHANDLERS.RES
C:\USERS\ALVIN\DOCUMENTS\VISUAL STUDIO 2010\PROJECTS\EMERGENCE\EMERGENCEHANDLERS\DEBUG\EMERGENCEHANDLERS.TLB
C:\Users\Alvin\documents\visual studio 2010\Projects\Emergence\EmergenceHandlers\Debug\EmergenceHandlers.write.1.tlog
C:\USERS\ALVIN\DOCUMENTS\VISUAL STUDIO 2010\PROJECTS\EMERGENCE\EMERGENCEHANDLERS\DEBUG\EMERGENCEHANDLERS_I.OBJ
C:\Users\Alvin\documents\visual studio 2010\Projects\Emergence\EmergenceHandlers\Debug\EmergenceHandlers_manifest.rc
C:\USERS\ALVIN\DOCUMENTS\VISUAL STUDIO 2010\PROJECTS\EMERGENCE\EMERGENCEHANDLERS\DEBUG\EMERGENCEVIEW.OBJ
C:\Users\Alvin\documents\visual studio 2010\Projects\Emergence\EmergenceHandlers\Debug\link.command.1.tlog
C:\Users\Alvin\documents\visual studio 2010\Projects\Emergence\EmergenceHandlers\Debug\link.read.1.tlog
C:\Users\Alvin\documents\visual studio 2010\Projects\Emergence\EmergenceHandlers\Debug\link.write.1.tlog
C:\Users\Alvin\documents\visual studio 2010\Projects\Emergence\EmergenceHandlers\Debug\link-cvtres.read.1.tlog
C:\Users\Alvin\documents\visual studio 2010\Projects\Emergence\EmergenceHandlers\Debug\link-cvtres.write.1.tlog
C:\Users\Alvin\documents\visual studio 2010\Projects\Emergence\EmergenceHandlers\Debug\midl.command.1.tlog
C:\Users\Alvin\documents\visual studio 2010\Projects\Emergence\EmergenceHandlers\Debug\midl.read.1.tlog
C:\Users\Alvin\documents\visual studio 2010\Projects\Emergence\EmergenceHandlers\Debug\midl.write.1.tlog
C:\Users\Alvin\documents\visual studio 2010\Projects\Emergence\EmergenceHandlers\Debug\midl-midlc.read.1.tlog
C:\Users\Alvin\documents\visual studio 2010\Projects\Emergence\EmergenceHandlers\Debug\midl-midlc.write.1.tlog
C:\Users\Alvin\documents\visual studio 2010\Projects\Emergence\EmergenceHandlers\Debug\midl-midlc-cl.read.1.tlog
C:\Users\Alvin\documents\visual studio 2010\Projects\Emergence\EmergenceHandlers\Debug\mt.command.1.tlog
C:\Users\Alvin\documents\visual studio 2010\Projects\Emergence\EmergenceHandlers\Debug\mt.read.1.tlog
C:\Users\Alvin\documents\visual studio 2010\Projects\Emergence\EmergenceHandlers\Debug\mt.write.1.tlog
C:\Users\Alvin\documents\visual studio 2010\Projects\Emergence\EmergenceHandlers\Debug\rc.command.1.tlog
C:\Users\Alvin\documents\visual studio 2010\Projects\Emergence\EmergenceHandlers\Debug\rc.read.1.tlog
C:\Users\Alvin\documents\visual studio 2010\Projects\Emergence\EmergenceHandlers\Debug\rc.write.1.tlog
C:\USERS\ALVIN\DOCUMENTS\VISUAL STUDIO 2010\PROJECTS\EMERGENCE\EMERGENCEHANDLERS\DEBUG\STDAFX.OBJ
C:\Users\Alvin\documents\visual studio 2010\Projects\Emergence\EmergenceHandlers\Debug\vc100.idb
C:\USERS\ALVIN\DOCUMENTS\VISUAL STUDIO 2010\PROJECTS\EMERGENCE\EMERGENCEHANDLERS\DEBUG\VC100.PDB
C:\USERS\ALVIN\DOCUMENTS\VISUAL STUDIO 2010\PROJECTS\EMERGENCE\EMERGENCEHANDLERS\DEBUG\XDLLDATA.OBJ
C:\USERS\ALVIN\DOCUMENTS\VISUAL STUDIO 2010\PROJECTS\EMERGENCE\EMERGENCEHANDLERS\EMERGENCEHANDLERS_I.C
C:\USERS\ALVIN\DOCUMENTS\VISUAL STUDIO 2010\PROJECTS\EMERGENCE\EMERGENCEHANDLERS\EMERGENCEHANDLERS_I.H
C:\USERS\ALVIN\DOCUMENTS\VISUAL STUDIO 2010\PROJECTS\EMERGENCE\EMERGENCEHANDLERS\EMERGENCEHANDLERS_P.C
