Build started 26/12/2013 2:45:35 AM.
     1>Project "C:\Users\Alvin\documents\visual studio 2010\Projects\Emergence\EmergenceHandlers\EmergenceHandlers.vcxproj" on node 3 (rebuild target(s)).
     1>_PrepareForClean:
         Deleting file "Debug\EmergenceHandlers.lastbuildstate".
       InitializeBuildStatus:
         Creating "Debug\EmergenceHandlers.unsuccessfulbuild" because "AlwaysCreate" was specified.
       Midl:
         C:\Program Files (x86)\Microsoft SDKs\Windows\v7.0A\bin\midl.exe /D _DEBUG /W1 /nologo /char signed /env win32 /Oicf /h "EmergenceHandlers_i.h" /iid "EmergenceHandlers_i.c" /proxy "EmergenceHandlers_p.c" /tlb "Debug\EmergenceHandlers.tlb" /robust EmergenceHandlers.idl 
         Processing .\EmergenceHandlers.idl
         EmergenceHandlers.idl
         Processing C:\Program Files (x86)\Microsoft SDKs\Windows\v7.0A\include\oaidl.idl
         oaidl.idl
         Processing C:\Program Files (x86)\Microsoft SDKs\Windows\v7.0A\include\objidl.idl
         objidl.idl
         Processing C:\Program Files (x86)\Microsoft SDKs\Windows\v7.0A\include\unknwn.idl
         unknwn.idl
         Processing C:\Program Files (x86)\Microsoft SDKs\Windows\v7.0A\include\wtypes.idl
         wtypes.idl
         Processing C:\Program Files (x86)\Microsoft SDKs\Windows\v7.0A\include\basetsd.h
         basetsd.h
         Processing C:\Program Files (x86)\Microsoft SDKs\Windows\v7.0A\include\guiddef.h
         guiddef.h
         Processing C:\Program Files (x86)\Microsoft SDKs\Windows\v7.0A\include\ocidl.idl
         ocidl.idl
         Processing C:\Program Files (x86)\Microsoft SDKs\Windows\v7.0A\include\oleidl.idl
         oleidl.idl
         Processing C:\Program Files (x86)\Microsoft SDKs\Windows\v7.0A\include\servprov.idl
         servprov.idl
         Processing C:\Program Files (x86)\Microsoft SDKs\Windows\v7.0A\include\urlmon.idl
         urlmon.idl
         Processing C:\Program Files (x86)\Microsoft SDKs\Windows\v7.0A\include\msxml.idl
         msxml.idl
         Processing C:\Program Files (x86)\Microsoft SDKs\Windows\v7.0A\include\shobjidl.idl
         shobjidl.idl
         Processing C:\Program Files (x86)\Microsoft SDKs\Windows\v7.0A\include\docobj.idl
         docobj.idl
         Processing C:\Program Files (x86)\Microsoft SDKs\Windows\v7.0A\include\shtypes.idl
         shtypes.idl
         Processing C:\Program Files (x86)\Microsoft SDKs\Windows\v7.0A\include\comcat.idl
         comcat.idl
         Processing C:\Program Files (x86)\Microsoft SDKs\Windows\v7.0A\include\propidl.idl
         propidl.idl
         Processing C:\Program Files (x86)\Microsoft SDKs\Windows\v7.0A\include\prsht.idl
         prsht.idl
         Processing C:\Program Files (x86)\Microsoft SDKs\Windows\v7.0A\include\propsys.idl
         propsys.idl
         Processing C:\Program Files (x86)\Microsoft SDKs\Windows\v7.0A\include\StructuredQueryCondition.idl
         StructuredQueryCondition.idl
         Processing C:\Program Files (x86)\Microsoft SDKs\Windows\v7.0A\include\ObjectArray.idl
         ObjectArray.idl
         Processing C:\Program Files (x86)\Microsoft SDKs\Windows\v7.0A\include\thumbcache.idl
         thumbcache.idl
         Processing C:\Program Files (x86)\Microsoft SDKs\Windows\v7.0A\include\filter.idl
         filter.idl
         Processing C:\Program Files (x86)\Microsoft SDKs\Windows\v7.0A\include\oaidl.acf
         oaidl.acf
         Processing C:\Program Files (x86)\Microsoft SDKs\Windows\v7.0A\include\ocidl.acf
         ocidl.acf
       ClCompile:
         C:\Program Files (x86)\Microsoft Visual Studio 10.0\VC\bin\CL.exe /c /ZI /nologo /W3 /WX- /Od /Oy- /D WIN32 /D _WINDOWS /D _DEBUG /D _USRDLL /D _WINDLL /D _UNICODE /D UNICODE /D _ATL_DLL /Gm /EHsc /RTC1 /MTd /GS /fp:precise /Zc:wchar_t /Zc:forScope /Yc"StdAfx.h" /Fp"Debug\EmergenceHandlers.pch" /Fo"Debug\\" /Fd"Debug\vc100.pdb" /Gd /TP /analyze- /errorReport:prompt stdafx.cpp
         stdafx.cpp
         C:\Program Files (x86)\Microsoft Visual Studio 10.0\VC\bin\CL.exe /c /ZI /nologo /W3 /WX- /Od /Oy- /D WIN32 /D _WINDOWS /D _DEBUG /D _USRDLL /D _WINDLL /D _UNICODE /D UNICODE /D _ATL_DLL /Gm /EHsc /RTC1 /MTd /GS /fp:precise /Zc:wchar_t /Zc:forScope /Yu"StdAfx.h" /Fp"Debug\EmergenceHandlers.pch" /Fo"Debug\\" /Fd"Debug\vc100.pdb" /Gd /TP /analyze- /errorReport:prompt ..\Emergence\cntritem.cpp ..\Emergence\EmergenceDoc.cpp ..\Emergence\EmergenceView.cpp EmergenceHandlers.cpp
         EmergenceHandlers.cpp
         EmergenceView.cpp
     1>c:\users\alvin\documents\visual studio 2010\projects\emergence\emergence\emergenceview.cpp(333): warning C4018: '<' : signed/unsigned mismatch
         EmergenceDoc.cpp
         cntritem.cpp
         Generating Code...
         C:\Program Files (x86)\Microsoft Visual Studio 10.0\VC\bin\CL.exe /c /ZI /nologo /W3 /WX- /Od /Oy- /D WIN32 /D _WINDOWS /D _DEBUG /D _USRDLL /D _WINDLL /D _UNICODE /D UNICODE /D _ATL_DLL /Gm /EHsc /RTC1 /MTd /GS /fp:precise /Zc:wchar_t /Zc:forScope /Fo"Debug\\" /Fd"Debug\vc100.pdb" /Gd /TP /analyze- /errorReport:prompt dllmain.cpp
         dllmain.cpp
         C:\Program Files (x86)\Microsoft Visual Studio 10.0\VC\bin\CL.exe /c /ZI /nologo /W3 /WX- /Od /Oy- /D WIN32 /D _WINDOWS /D _DEBUG /D _USRDLL /D _WINDLL /D _UNICODE /D UNICODE /D _ATL_DLL /Gm /EHsc /RTC1 /MTd /GS /fp:precise /Zc:wchar_t /Zc:forScope /Fo"Debug\\" /Fd"Debug\vc100.pdb" /Gd /TC /analyze- /errorReport:prompt EmergenceHandlers_i.c xdlldata.c
         xdlldata.c
         EmergenceHandlers_i.c
         Generating Code...
       ResourceCompile:
         C:\Program Files (x86)\Microsoft SDKs\Windows\v7.0A\bin\rc.exe /D _DEBUG /D _UNICODE /D UNICODE /l"0x0409" /IDebug\ /nologo /fo"Debug\EmergenceHandlers.res" EmergenceHandlers.rc 
       ManifestResourceCompile:
         C:\Program Files (x86)\Microsoft SDKs\Windows\v7.0A\bin\rc.exe /nologo /fo"Debug\EmergenceHandlers.dll.embed.manifest.res" Debug\EmergenceHandlers_manifest.rc 
       Link:
         C:\Program Files (x86)\Microsoft Visual Studio 10.0\VC\bin\link.exe /ERRORREPORT:PROMPT /OUT:"C:\Users\Alvin\documents\visual studio 2010\Projects\Emergence\Debug\EmergenceHandlers.dll" /INCREMENTAL /NOLOGO /DEF:".\EmergenceHandlers.def" /MANIFEST /ManifestFile:"Debug\EmergenceHandlers.dll.intermediate.manifest" /MANIFESTUAC:"level='asInvoker' uiAccess='false'" /DEBUG /PDB:"C:\Users\Alvin\documents\visual studio 2010\Projects\Emergence\Debug\EmergenceHandlers.pdb" /SUBSYSTEM:WINDOWS /TLBID:1 /DYNAMICBASE /NXCOMPAT /MACHINE:X86 /DLL Debug\EmergenceHandlers.res
         Debug\EmergenceHandlers.dll.embed.manifest.res
         Debug\cntritem.obj
         Debug\EmergenceDoc.obj
         Debug\EmergenceView.obj
         Debug\dllmain.obj
         Debug\EmergenceHandlers.obj
         Debug\EmergenceHandlers_i.obj
         Debug\stdafx.obj
         Debug\xdlldata.obj
            Creating library C:\Users\Alvin\documents\visual studio 2010\Projects\Emergence\Debug\EmergenceHandlers.lib and object C:\Users\Alvin\documents\visual studio 2010\Projects\Emergence\Debug\EmergenceHandlers.exp
       Manifest:
         Deleting file "Debug\EmergenceHandlers.dll.embed.manifest".
         C:\Program Files (x86)\Microsoft SDKs\Windows\v7.0A\bin\mt.exe /nologo /verbose /out:"Debug\EmergenceHandlers.dll.embed.manifest" /manifest Debug\EmergenceHandlers.dll.intermediate.manifest "C:\Program Files (x86)\Microsoft Visual Studio 10.0\VC\Include\Manifest\dpiaware.manifest"
         C:\Program Files (x86)\Microsoft SDKs\Windows\v7.0A\bin\rc.exe /nologo /fo"Debug\EmergenceHandlers.dll.embed.manifest.res" Debug\EmergenceHandlers_manifest.rc 
       LinkEmbedManifest:
         C:\Program Files (x86)\Microsoft Visual Studio 10.0\VC\bin\link.exe /ERRORREPORT:PROMPT /OUT:"C:\Users\Alvin\documents\visual studio 2010\Projects\Emergence\Debug\EmergenceHandlers.dll" /INCREMENTAL /NOLOGO /DEF:".\EmergenceHandlers.def" /MANIFEST /ManifestFile:"Debug\EmergenceHandlers.dll.intermediate.manifest" /MANIFESTUAC:"level='asInvoker' uiAccess='false'" /DEBUG /PDB:"C:\Users\Alvin\documents\visual studio 2010\Projects\Emergence\Debug\EmergenceHandlers.pdb" /SUBSYSTEM:WINDOWS /TLBID:1 /DYNAMICBASE /NXCOMPAT /MACHINE:X86 /DLL Debug\EmergenceHandlers.res
         Debug\EmergenceHandlers.dll.embed.manifest.res
         Debug\cntritem.obj
         Debug\EmergenceDoc.obj
         Debug\EmergenceView.obj
         Debug\dllmain.obj
         Debug\EmergenceHandlers.obj
         Debug\EmergenceHandlers_i.obj
         Debug\stdafx.obj
         Debug\xdlldata.obj
         EmergenceHandlers.vcxproj -> C:\Users\Alvin\documents\visual studio 2010\Projects\Emergence\Debug\EmergenceHandlers.dll
       RegisterOutput:
         regsvr32 /s "C:\Users\Alvin\documents\visual studio 2010\Projects\Emergence\Debug\EmergenceHandlers.dll"
       PostBuildEvent:
         Description: Setting permissions on handler DLL (to enable load by SearchFilterHost.exe)...
         cacls.exe "C:\Users\Alvin\documents\visual studio 2010\Projects\Emergence\Debug\EmergenceHandlers.dll" /G users:r /E
         :VCEnd
         processed file: C:\Users\Alvin\documents\visual studio 2010\Projects\Emergence\Debug\EmergenceHandlers.dll
       FinalizeBuildStatus:
         Deleting file "Debug\EmergenceHandlers.unsuccessfulbuild".
         Touching "Debug\EmergenceHandlers.lastbuildstate".
     1>Done Building Project "C:\Users\Alvin\documents\visual studio 2010\Projects\Emergence\EmergenceHandlers\EmergenceHandlers.vcxproj" (rebuild target(s)).

Build succeeded.

Time Elapsed 00:00:08.98
