C:\USERS\ALVIN\DOCUMENTS\VISUAL STUDIO 2010\PROJECTS\EMERGENCE\DEBUG\EMERGENCE.EXE
C:\USERS\ALVIN\DOCUMENTS\VISUAL STUDIO 2010\PROJECTS\EMERGENCE\DEBUG\EMERGENCE.ILK
C:\USERS\ALVIN\DOCUMENTS\VISUAL STUDIO 2010\PROJECTS\EMERGENCE\DEBUG\EMERGENCE.PDB
C:\USERS\ALVIN\DOCUMENTS\VISUAL STUDIO 2010\PROJECTS\EMERGENCE\EMERGENCE\DEBUG\CHILDFRM.OBJ
C:\Users\Alvin\documents\visual studio 2010\Projects\Emergence\Emergence\Debug\cl.command.1.tlog
C:\Users\Alvin\documents\visual studio 2010\Projects\Emergence\Emergence\Debug\CL.read.1.tlog
C:\Users\Alvin\documents\visual studio 2010\Projects\Emergence\Emergence\Debug\CL.write.1.tlog
C:\USERS\ALVIN\DOCUMENTS\VISUAL STUDIO 2010\PROJECTS\EMERGENCE\EMERGENCE\DEBUG\CNTRITEM.OBJ
C:\USERS\ALVIN\DOCUMENTS\VISUAL STUDIO 2010\PROJECTS\EMERGENCE\EMERGENCE\DEBUG\EMERGENCE.EXE.EMBED.MANIFEST
C:\USERS\ALVIN\DOCUMENTS\VISUAL STUDIO 2010\PROJECTS\EMERGENCE\EMERGENCE\DEBUG\EMERGENCE.EXE.EMBED.MANIFEST.RES
C:\USERS\ALVIN\DOCUMENTS\VISUAL STUDIO 2010\PROJECTS\EMERGENCE\EMERGENCE\DEBUG\EMERGENCE.EXE.INTERMEDIATE.MANIFEST
C:\USERS\ALVIN\DOCUMENTS\VISUAL STUDIO 2010\PROJECTS\EMERGENCE\EMERGENCE\DEBUG\EMERGENCE.OBJ
C:\USERS\ALVIN\DOCUMENTS\VISUAL STUDIO 2010\PROJECTS\EMERGENCE\EMERGENCE\DEBUG\EMERGENCE.PCH
C:\USERS\ALVIN\DOCUMENTS\VISUAL STUDIO 2010\PROJECTS\EMERGENCE\EMERGENCE\DEBUG\EMERGENCE.RES
C:\Users\Alvin\documents\visual studio 2010\Projects\Emergence\Emergence\Debug\Emergence.write.1.tlog
C:\Users\Alvin\documents\visual studio 2010\Projects\Emergence\Emergence\Debug\Emergence_manifest.rc
C:\USERS\ALVIN\DOCUMENTS\VISUAL STUDIO 2010\PROJECTS\EMERGENCE\EMERGENCE\DEBUG\EMERGENCEDOC.OBJ
C:\USERS\ALVIN\DOCUMENTS\VISUAL STUDIO 2010\PROJECTS\EMERGENCE\EMERGENCE\DEBUG\EMERGENCEVIEW.OBJ
C:\Users\Alvin\documents\visual studio 2010\Projects\Emergence\Emergence\Debug\link.command.1.tlog
C:\Users\Alvin\documents\visual studio 2010\Projects\Emergence\Emergence\Debug\link.read.1.tlog
C:\Users\Alvin\documents\visual studio 2010\Projects\Emergence\Emergence\Debug\link.write.1.tlog
C:\Users\Alvin\documents\visual studio 2010\Projects\Emergence\Emergence\Debug\link-cvtres.read.1.tlog
C:\Users\Alvin\documents\visual studio 2010\Projects\Emergence\Emergence\Debug\link-cvtres.write.1.tlog
C:\USERS\ALVIN\DOCUMENTS\VISUAL STUDIO 2010\PROJECTS\EMERGENCE\EMERGENCE\DEBUG\MAINFRM.OBJ
C:\Users\Alvin\documents\visual studio 2010\Projects\Emergence\Emergence\Debug\mt.command.1.tlog
C:\Users\Alvin\documents\visual studio 2010\Projects\Emergence\Emergence\Debug\mt.read.1.tlog
C:\Users\Alvin\documents\visual studio 2010\Projects\Emergence\Emergence\Debug\mt.write.1.tlog
C:\Users\Alvin\documents\visual studio 2010\Projects\Emergence\Emergence\Debug\rc.command.1.tlog
C:\Users\Alvin\documents\visual studio 2010\Projects\Emergence\Emergence\Debug\rc.read.1.tlog
C:\Users\Alvin\documents\visual studio 2010\Projects\Emergence\Emergence\Debug\rc.write.1.tlog
C:\USERS\ALVIN\DOCUMENTS\VISUAL STUDIO 2010\PROJECTS\EMERGENCE\EMERGENCE\DEBUG\STDAFX.OBJ
C:\Users\Alvin\documents\visual studio 2010\Projects\Emergence\Emergence\Debug\vc100.idb
C:\USERS\ALVIN\DOCUMENTS\VISUAL STUDIO 2010\PROJECTS\EMERGENCE\EMERGENCE\DEBUG\VC100.PDB
