Build started 15/09/2019 1:25:37 PM.
     1>Project "C:\Users\Margaret\Documents\Visual Studio 2010\Projects\Wordlab\Wordlab\Wordlab.vcxproj" on node 2 (build target(s)).
     1>InitializeBuildStatus:
         Creating "Debug\Wordlab.unsuccessfulbuild" because "AlwaysCreate" was specified.
       ClCompile:
         All outputs are up-to-date.
         All outputs are up-to-date.
       ResourceCompile:
         All outputs are up-to-date.
       ManifestResourceCompile:
         All outputs are up-to-date.
       Link:
         All outputs are up-to-date.
       Manifest:
         C:\Program Files (x86)\Microsoft SDKs\Windows\v7.0A\bin\mt.exe /nologo /verbose /out:"Debug\Wordlab.exe.embed.manifest" /manifest Debug\Wordlab.exe.intermediate.manifest "C:\Program Files (x86)\Microsoft Visual Studio 10.0\VC\Include\Manifest\dpiaware.manifest"
         All outputs are up-to-date.
       FinalizeBuildStatus:
         Deleting file "Debug\Wordlab.unsuccessfulbuild".
         Touching "Debug\Wordlab.lastbuildstate".
     1>Done Building Project "C:\Users\Margaret\Documents\Visual Studio 2010\Projects\Wordlab\Wordlab\Wordlab.vcxproj" (build target(s)).

Build succeeded.

Time Elapsed 00:00:00.64
